
> wx_help@1.0.0 dev:weapp
> npm run build:weapp -- --watch


> wx_help@1.0.0 build:weapp
> taro build --type weapp --watch

👽 Taro v4.1.1

Tips:
1. 预览模式生成的文件较大，设置 NODE_ENV 为 production 可以开启压缩。
Example:
$ NODE_ENV=production taro build --type weapp --watch


vite v4.5.14 building for production...

watching for file changes...

build started...
transforming...
DEPRECATION WARNING [legacy-js-api]: The legacy JS API is deprecated and will be removed in Dart Sass 2.0.0.

More info: https://sass-lang.com/d/legacy-js-api

DEPRECATION WARNING [legacy-js-api]: The legacy JS API is deprecated and will be removed in Dart Sass 2.0.0.

More info: https://sass-lang.com/d/legacy-js-api

DEPRECATION WARNING [legacy-js-api]: The legacy JS API is deprecated and will be removed in Dart Sass 2.0.0.

More info: https://sass-lang.com/d/legacy-js-api

DEPRECATION WARNING [legacy-js-api]: The legacy JS API is deprecated and will be removed in Dart Sass 2.0.0.

More info: https://sass-lang.com/d/legacy-js-api

DEPRECATION WARNING [legacy-js-api]: The legacy JS API is deprecated and will be removed in Dart Sass 2.0.0.

More info: https://sass-lang.com/d/legacy-js-api

DEPRECATION WARNING [legacy-js-api]: The legacy JS API is deprecated and will be removed in Dart Sass 2.0.0.

More info: https://sass-lang.com/d/legacy-js-api

DEPRECATION WARNING [legacy-js-api]: The legacy JS API is deprecated and will be removed in Dart Sass 2.0.0.

More info: https://sass-lang.com/d/legacy-js-api

DEPRECATION WARNING [legacy-js-api]: The legacy JS API is deprecated and will be removed in Dart Sass 2.0.0.

More info: https://sass-lang.com/d/legacy-js-api

DEPRECATION WARNING [legacy-js-api]: The legacy JS API is deprecated and will be removed in Dart Sass 2.0.0.

More info: https://sass-lang.com/d/legacy-js-api

DEPRECATION WARNING [legacy-js-api]: The legacy JS API is deprecated and will be removed in Dart Sass 2.0.0.

More info: https://sass-lang.com/d/legacy-js-api

DEPRECATION WARNING [legacy-js-api]: The legacy JS API is deprecated and will be removed in Dart Sass 2.0.0.

More info: https://sass-lang.com/d/legacy-js-api

DEPRECATION WARNING [legacy-js-api]: The legacy JS API is deprecated and will be removed in Dart Sass 2.0.0.

More info: https://sass-lang.com/d/legacy-js-api

DEPRECATION WARNING [legacy-js-api]: The legacy JS API is deprecated and will be removed in Dart Sass 2.0.0.

More info: https://sass-lang.com/d/legacy-js-api

DEPRECATION WARNING [legacy-js-api]: The legacy JS API is deprecated and will be removed in Dart Sass 2.0.0.

More info: https://sass-lang.com/d/legacy-js-api

DEPRECATION WARNING [legacy-js-api]: The legacy JS API is deprecated and will be removed in Dart Sass 2.0.0.

More info: https://sass-lang.com/d/legacy-js-api

DEPRECATION WARNING [legacy-js-api]: The legacy JS API is deprecated and will be removed in Dart Sass 2.0.0.

More info: https://sass-lang.com/d/legacy-js-api

DEPRECATION WARNING [legacy-js-api]: The legacy JS API is deprecated and will be removed in Dart Sass 2.0.0.

More info: https://sass-lang.com/d/legacy-js-api

✓ 225 modules transformed.
The emitted file "assets/tabbar/homepage.png" overwrites a previously emitted file of the same name.
The emitted file "assets/tabbar/message.png" overwrites a previously emitted file of the same name.
The emitted file "assets/tabbar/help.png" overwrites a previously emitted file of the same name.
The emitted file "assets/tabbar/mine.png" overwrites a previously emitted file of the same name.
rendering chunks...
computing gzip size...
dist/pages/my/index.json                         0.06 kB │ gzip:  0.07 kB
dist/pages/settings/help-feedback/index.json     0.06 kB │ gzip:  0.07 kB
dist/pages/index/index.wxml                      0.08 kB
dist/pages/my/index.wxml                         0.08 kB
dist/pages/publish/index.wxml                    0.08 kB
dist/pages/detail/index.wxml                     0.08 kB
dist/pages/message/index.wxml                    0.08 kB
dist/pages/catalogue-image/index.wxml            0.08 kB
dist/pages/my/my-posts/my-posts.wxml             0.08 kB
dist/pages/my/edit-nickname/index.wxml           0.08 kB
dist/pages/my/favorites/index.wxml               0.08 kB
dist/pages/settings/about/index.wxml             0.08 kB
dist/pages/settings/help-feedback/index.wxml     0.08 kB
dist/pages/settings/user-agreement/index.wxml    0.08 kB
dist/pages/settings/privacy-policy/index.wxml    0.08 kB
dist/pages/index/index.json                      0.09 kB │ gzip:  0.11 kB
dist/pages/publish/index.json                    0.09 kB │ gzip:  0.11 kB
dist/pages/message/index.json                    0.09 kB │ gzip:  0.11 kB
dist/pages/detail/index.json                     0.09 kB │ gzip:  0.11 kB
dist/pages/my/edit-nickname/index.json           0.09 kB │ gzip:  0.11 kB
dist/pages/my/favorites/index.json               0.09 kB │ gzip:  0.11 kB
dist/pages/settings/about/index.json             0.09 kB │ gzip:  0.11 kB
dist/pages/settings/user-agreement/index.json    0.09 kB │ gzip:  0.11 kB
dist/pages/settings/privacy-policy/index.json    0.09 kB │ gzip:  0.11 kB
dist/comp.json                                   0.11 kB │ gzip:  0.11 kB
dist/pages/my/my-posts/my-posts.json             0.13 kB │ gzip:  0.14 kB
dist/comp.wxml                                   0.14 kB
dist/pages/catalogue-image/index.json            0.30 kB │ gzip:  0.21 kB
dist/pages/settings/privacy-policy/index.wxss    0.58 kB
dist/utils.wxs                                   1.00 kB
dist/pages/settings/about/index.wxss             1.20 kB
dist/pages/my/edit-nickname/index.wxss           1.26 kB
dist/app.json                                    1.54 kB │ gzip:  0.48 kB
dist/pages/my/index.wxss                         1.68 kB
dist/pages/my/favorites/index.wxss               2.27 kB
dist/assets/tabbar/message.png                   2.45 kB
dist/pages/message/index.wxss                    3.15 kB
dist/pages/detail/index.wxss                     3.20 kB
dist/assets/tabbar/homepage.png                  3.49 kB
dist/pages/catalogue-image/index.wxss            3.96 kB
dist/common.wxss                                 4.11 kB
dist/pages/my/my-posts/my-posts.wxss             4.30 kB
dist/pages/settings/help-feedback/index.wxss     4.33 kB
dist/assets/tabbar/mine.png                      4.38 kB
dist/pages/publish/index.wxss                    5.22 kB
dist/assets/tabbar/help.png                      5.92 kB
dist/pages/index/index.wxss                     10.85 kB
dist/base.wxml                                  68.25 kB
dist/comp.js                                     0.13 kB │ gzip:  0.13 kB │ map:   0.39 kB
dist/pages/settings/user-agreement/index.js      1.24 kB │ gzip:  1.13 kB │ map:   1.78 kB
dist/pages/settings/privacy-policy/index.js      1.32 kB │ gzip:  1.16 kB │ map:   1.84 kB
dist/app.js                                      1.83 kB │ gzip:  0.72 kB │ map:   0.14 kB
dist/pages/settings/about/index.js               1.87 kB │ gzip:  0.63 kB │ map:   2.78 kB
dist/pages/my/edit-nickname/index.js             3.70 kB │ gzip:  1.36 kB │ map:   6.86 kB
dist/pages/my/favorites/index.js                 5.17 kB │ gzip:  1.99 kB │ map:  10.57 kB
dist/pages/message/index.js                      5.47 kB │ gzip:  1.57 kB │ map:   8.00 kB
dist/pages/catalogue-image/index.js              6.31 kB │ gzip:  1.96 kB │ map:   9.99 kB
dist/pages/my/index.js                           6.63 kB │ gzip:  1.75 kB │ map:   9.42 kB
dist/pages/settings/help-feedback/index.js       7.32 kB │ gzip:  2.51 kB │ map:  11.91 kB
dist/pages/detail/index.js                       9.57 kB │ gzip:  2.73 kB │ map:  16.43 kB
dist/pages/publish/index.js                     20.43 kB │ gzip:  5.22 kB │ map:  35.95 kB
dist/pages/my/my-posts/my-posts.js              25.05 kB │ gzip:  5.99 kB │ map:  47.64 kB
dist/pages/index/index.js                       30.34 kB │ gzip:  7.49 kB │ map:  60.04 kB
dist/common.js                                  34.38 kB │ gzip:  8.65 kB │ map:  69.94 kB
dist/vendors.js                                 59.62 kB │ gzip: 13.18 kB │ map: 140.63 kB
dist/taro.js                                   401.45 kB │ gzip: 94.51 kB │ map: 787.50 kB
built in 6113ms.
